0 info it worked if it ends with ok
1 verbose cli [ 'C:\\Program Files\\nodejs\\node.exe',
1 verbose cli   'C:\\Program Files\\nodejs\\node_modules\\npm\\bin\\npm-cli.js',
1 verbose cli   'install',
1 verbose cli   'angular~1.5.5',
1 verbose cli   '--save' ]
2 info using npm@3.10.8
3 info using node@v6.9.1
4 silly loadCurrentTree Starting
5 silly install loadCurrentTree
6 silly install readLocalPackageData
7 silly fetchPackageMetaData angular~1.5.5
8 silly fetchOtherPackageData angular~1.5.5
9 silly cache add args [ 'angular~1.5.5', null ]
10 verbose cache add spec angular~1.5.5
11 silly cache add parsed spec Result {
11 silly cache add   raw: 'angular~1.5.5',
11 silly cache add   scope: null,
11 silly cache add   escapedName: null,
11 silly cache add   name: null,
11 silly cache add   rawSpec: 'angular~1.5.5',
11 silly cache add   spec: 'C:\\Users\\ali.ahmed\\Documents\\ShoppingCartApp\\angular~1.5.5',
11 silly cache add   type: 'local' }
12 error addLocal Could not install C:\Users\ali.ahmed\Documents\ShoppingCartApp\angular~1.5.5
13 silly fetchPackageMetaData Error: ENOENT: no such file or directory, open 'C:\Users\ali.ahmed\Documents\ShoppingCartApp\angular~1.5.5'
13 silly fetchPackageMetaData     at Error (native)
13 silly fetchPackageMetaData  error for angular~1.5.5 { Error: ENOENT: no such file or directory, open 'C:\Users\ali.ahmed\Documents\ShoppingCartApp\angular~1.5.5'
13 silly fetchPackageMetaData     at Error (native)
13 silly fetchPackageMetaData   errno: -4058,
13 silly fetchPackageMetaData   code: 'ENOENT',
13 silly fetchPackageMetaData   syscall: 'open',
13 silly fetchPackageMetaData   path: 'C:\\Users\\ali.ahmed\\Documents\\ShoppingCartApp\\angular~1.5.5' }
14 silly rollbackFailedOptional Starting
15 silly rollbackFailedOptional Finishing
16 silly runTopLevelLifecycles Finishing
17 silly install printInstalled
18 verbose stack Error: ENOENT: no such file or directory, open 'C:\Users\ali.ahmed\Documents\ShoppingCartApp\angular~1.5.5'
18 verbose stack     at Error (native)
19 verbose cwd C:\Users\ali.ahmed\Documents\ShoppingCartApp
20 error Windows_NT 6.1.7601
21 error argv "C:\\Program Files\\nodejs\\node.exe" "C:\\Program Files\\nodejs\\node_modules\\npm\\bin\\npm-cli.js" "install" "angular~1.5.5" "--save"
22 error node v6.9.1
23 error npm  v3.10.8
24 error path C:\Users\ali.ahmed\Documents\ShoppingCartApp\angular~1.5.5
25 error code ENOENT
26 error errno -4058
27 error syscall open
28 error enoent ENOENT: no such file or directory, open 'C:\Users\ali.ahmed\Documents\ShoppingCartApp\angular~1.5.5'
29 error enoent ENOENT: no such file or directory, open 'C:\Users\ali.ahmed\Documents\ShoppingCartApp\angular~1.5.5'
29 error enoent This is most likely not a problem with npm itself
29 error enoent and is related to npm not being able to find a file.
30 verbose exit [ -4058, true ]
